#
# There is insufficient memory for the Java Runtime Environment to continue.
# Native memory allocation (malloc) failed to allocate 90177536 bytes for committing reserved memory.
# Possible reasons:
#   The system is out of physical RAM or swap space
#   In 32 bit mode, the process size limit was hit
# Possible solutions:
#   Reduce memory load on the system
#   Increase physical memory or swap space
#   Check if swap backing store is full
#   Use 64 bit Java on a 64 bit OS
#   Decrease Java heap size (-Xmx/-Xms)
#   Decrease number of Java threads
#   Decrease Java thread stack sizes (-Xss)
#   Set larger code cache with -XX:ReservedCodeCacheSize=
# This output file may be truncated or incomplete.
#
#  Out of Memory Error (os_linux.cpp:2798), pid=4913, tid=139656783066880
#
# JRE version: OpenJDK Runtime Environment (7.0_65-b32) (build 1.7.0_65-b32)
# Java VM: OpenJDK 64-Bit Server VM (24.65-b04 mixed mode linux-amd64 compressed oops)
# Derivative: IcedTea 2.5.3
# Distribution: Ubuntu 14.04 LTS, package 7u71-2.5.3-0ubuntu0.14.04.1
# Failed to write core dump. Core dumps have been disabled. To enable core dumping, try "ulimit -c unlimited" before starting Java again
#

---------------  T H R E A D  ---------------

Current thread (0x00007f046c075800):  VMThread [stack: 0x00007f0460e1f000,0x00007f0460f20000] [id=4945]

Stack: [0x00007f0460e1f000,0x00007f0460f20000],  sp=0x00007f0460f1e490,  free space=1021k
Native frames: (J=compiled Java code, j=interpreted, Vv=VM code, C=native code)
V  [libjvm.so+0x948b05]  VMError::report_and_die()+0x175
V  [libjvm.so+0x48bc34]  report_vm_out_of_memory(char const*, int, unsigned long, char const*)+0x74
V  [libjvm.so+0x7c7bfb]  os::pd_commit_memory(char*, unsigned long, unsigned long, bool)+0xeb
V  [libjvm.so+0x7c26bf]  os::commit_memory(char*, unsigned long, unsigned long, bool)+0x1f
V  [libjvm.so+0x833e4b]  PSVirtualSpace::expand_by(unsigned long)+0x5b
V  [libjvm.so+0x834ca0]  PSYoungGen::resize_generation(unsigned long, unsigned long)+0xb0
V  [libjvm.so+0x83538b]  PSYoungGen::resize(unsigned long, unsigned long)+0x1b
V  [libjvm.so+0x831670]  PSScavenge::invoke_no_policy()+0xde0
V  [libjvm.so+0x831e48]  PSScavenge::invoke()+0x38
V  [libjvm.so+0x7e8823]  ParallelScavengeHeap::failed_mem_allocate(unsigned long)+0x63
V  [libjvm.so+0x94a504]  VM_ParallelGCFailedAllocation::doit()+0x84
V  [libjvm.so+0x94e9f7]  VM_Operation::evaluate()+0x47
V  [libjvm.so+0x94d368]  VMThread::evaluate_operation(VM_Operation*)+0x318
V  [libjvm.so+0x94d7c9]  VMThread::loop()+0x219
V  [libjvm.so+0x94dc12]  VMThread::run()+0x72
V  [libjvm.so+0x7c4ac2]  java_start(Thread*)+0xf2

VM_Operation (0x00007f045a8750f0): ParallelGCFailedAllocation, mode: safepoint, requested by thread 0x00007f046c199000


---------------  P R O C E S S  ---------------

Java Threads: ( => current thread )
  0x00007f046c199000 JavaThread "pool-1-thread-4" [_thread_blocked, id=4992, stack(0x00007f045a776000,0x00007f045a877000)]
  0x00007f046c197800 JavaThread "pool-1-thread-3" [_thread_blocked, id=4991, stack(0x00007f045a877000,0x00007f045a978000)]
  0x00007f046c196000 JavaThread "pool-1-thread-2" [_thread_blocked, id=4990, stack(0x00007f045a978000,0x00007f045aa79000)]
  0x00007f046c192800 JavaThread "pool-2-thread-1" [_thread_blocked, id=4987, stack(0x00007f045aa79000,0x00007f045ab7a000)]
  0x00007f046c191000 JavaThread "pool-1-thread-1" [_thread_blocked, id=4985, stack(0x00007f045ab7a000,0x00007f045ac7b000)]
  0x00007f046c0b0800 JavaThread "Service Thread" daemon [_thread_blocked, id=4968, stack(0x00007f0460550000,0x00007f0460651000)]
  0x00007f046c0ae800 JavaThread "C2 CompilerThread1" daemon [_thread_in_native, id=4966, stack(0x00007f0460651000,0x00007f0460752000)]
  0x00007f046c0ab800 JavaThread "C2 CompilerThread0" daemon [_thread_blocked, id=4964, stack(0x00007f0460752000,0x00007f0460853000)]
  0x00007f046c0a9800 JavaThread "Signal Dispatcher" daemon [_thread_blocked, id=4961, stack(0x00007f0460853000,0x00007f0460954000)]
  0x00007f046c07c000 JavaThread "Finalizer" daemon [_thread_blocked, id=4951, stack(0x00007f0460c1d000,0x00007f0460d1e000)]
  0x00007f046c07a000 JavaThread "Reference Handler" daemon [_thread_blocked, id=4948, stack(0x00007f0460d1e000,0x00007f0460e1f000)]
  0x00007f046c00a800 JavaThread "main" [_thread_blocked, id=4918, stack(0x00007f0473539000,0x00007f047363a000)]

Other Threads:
=>0x00007f046c075800 VMThread [stack: 0x00007f0460e1f000,0x00007f0460f20000] [id=4945]
  0x00007f046c0bb800 WatcherThread [stack: 0x00007f046044f000,0x00007f0460550000] [id=4971]

VM state:at safepoint (normal execution)

VM Mutex/Monitor currently owned by a thread:  ([mutex/lock_event])
[0x00007f046c006a80] Threads_lock - owner thread: 0x00007f046c075800
[0x00007f046c006f80] Heap_lock - owner thread: 0x00007f046c199000

Heap
 PSYoungGen      total 66048K, used 2539K [0x00000000eaa80000, 0x00000000eed80000, 0x0000000100000000)
  eden space 63488K, 0% used [0x00000000eaa80000,0x00000000eaa80000,0x00000000ee880000)
  from space 2560K, 99% used [0x00000000ee880000,0x00000000eeafaf48,0x00000000eeb00000)
  to   space 2560K, 0% used [0x00000000eeb00000,0x00000000eeb00000,0x00000000eed80000)
 ParOldGen       total 41984K, used 22856K [0x00000000c0000000, 0x00000000c2900000, 0x00000000eaa80000)
  object space 41984K, 54% used [0x00000000c0000000,0x00000000c1652168,0x00000000c2900000)
 PSPermGen       total 21504K, used 6235K [0x00000000b5a00000, 0x00000000b6f00000, 0x00000000c0000000)
  object space 21504K, 28% used [0x00000000b5a00000,0x00000000b6016d58,0x00000000b6f00000)

Card table byte_map: [0x00007f0468dac000,0x00007f0469000000] byte_map_base: 0x00007f04687ff000

Polling page: 0x00007f047365e000

Code Cache  [0x00007f0469000000, 0x00007f0469270000, 0x00007f046c000000)
 total_blobs=493 nmethods=263 adapters=184 free_code_cache=48071Kb largest_free_block=49190848

Compilation events (10 events):
Event: 6.709 Thread 0x00007f046c0ab800 nmethod 257 0x00007f04690ff910 code [0x00007f04690ffa60, 0x00007f04690ffbd8]
Event: 6.709 Thread 0x00007f046c0ab800  258             java.lang.String::<init> (67 bytes)
Event: 6.725 Thread 0x00007f046c0ab800 nmethod 258 0x00007f04690ff390 code [0x00007f04690ff4e0, 0x00007f04690ff758]
Event: 6.726 Thread 0x00007f046c0ab800  259             com.android.dx.rop.code.CstInsn::getConstant (5 bytes)
Event: 6.819 Thread 0x00007f046c0ab800 nmethod 259 0x00007f0469100210 code [0x00007f0469100340, 0x00007f0469100398]
Event: 6.822 Thread 0x00007f046c0ab800  260             com.android.dx.rop.code.RegisterSpecSet::size (49 bytes)
Event: 6.825 Thread 0x00007f046c0ab800 nmethod 260 0x00007f04690ff050 code [0x00007f04690ff1a0, 0x00007f04690ff2f8]
Event: 6.825 Thread 0x00007f046c0ab800  261             java.lang.Object::equals (11 bytes)
Event: 6.825 Thread 0x00007f046c0ab800 nmethod 261 0x00007f04690fbc50 code [0x00007f04690fbd80, 0x00007f04690fbdd8]
Event: 6.825 Thread 0x00007f046c0ab800  262   !         com.android.dx.cf.code.Ropper::processBlock (1101 bytes)

GC Heap History (9 events):
Event: 0.615 GC heap before
{Heap before GC invocations=1 (full 0):
 PSYoungGen      total 18432K, used 15872K [0x00000000eaa80000, 0x00000000ebf00000, 0x0000000100000000)
  eden space 15872K, 100% used [0x00000000eaa80000,0x00000000eba00000,0x00000000eba00000)
  from space 2560K, 0% used [0x00000000ebc80000,0x00000000ebc80000,0x00000000ebf00000)
  to   space 2560K, 0% used [0x00000000eba00000,0x00000000eba00000,0x00000000ebc80000)
 ParOldGen       total 41984K, used 0K [0x00000000c0000000, 0x00000000c2900000, 0x00000000eaa80000)
  object space 41984K, 0% used [0x00000000c0000000,0x00000000c0000000,0x00000000c2900000)
 PSPermGen       total 21504K, used 4526K [0x00000000b5a00000, 0x00000000b6f00000, 0x00000000c0000000)
  object space 21504K, 21% used [0x00000000b5a00000,0x00000000b5e6b998,0x00000000b6f00000)
Event: 0.629 GC heap after
Heap after GC invocations=1 (full 0):
 PSYoungGen      total 18432K, used 1392K [0x00000000eaa80000, 0x00000000ece80000, 0x0000000100000000)
  eden space 15872K, 0% used [0x00000000eaa80000,0x00000000eaa80000,0x00000000eba00000)
  from space 2560K, 54% used [0x00000000eba00000,0x00000000ebb5c060,0x00000000ebc80000)
  to   space 2560K, 0% used [0x00000000ecc00000,0x00000000ecc00000,0x00000000ece80000)
 ParOldGen       total 41984K, used 0K [0x00000000c0000000, 0x00000000c2900000, 0x00000000eaa80000)
  object space 41984K, 0% used [0x00000000c0000000,0x00000000c0000000,0x00000000c2900000)
 PSPermGen       total 21504K, used 4526K [0x00000000b5a00000, 0x00000000b6f00000, 0x00000000c0000000)
  object space 21504K, 21% used [0x00000000b5a00000,0x00000000b5e6b998,0x00000000b6f00000)
}
Event: 1.405 GC heap before
{Heap before GC invocations=2 (full 0):
 PSYoungGen      total 18432K, used 17264K [0x00000000eaa80000, 0x00000000ece80000, 0x0000000100000000)
  eden space 15872K, 100% used [0x00000000eaa80000,0x00000000eba00000,0x00000000eba00000)
  from space 2560K, 54% used [0x00000000eba00000,0x00000000ebb5c060,0x00000000ebc80000)
  to   space 2560K, 0% used [0x00000000ecc00000,0x00000000ecc00000,0x00000000ece80000)
 ParOldGen       total 41984K, used 0K [0x00000000c0000000, 0x00000000c2900000, 0x00000000eaa80000)
  object space 41984K, 0% used [0x00000000c0000000,0x00000000c0000000,0x00000000c2900000)
 PSPermGen       total 21504K, used 5969K [0x00000000b5a00000, 0x00000000b6f00000, 0x00000000c0000000)
  object space 21504K, 27% used [0x00000000b5a00000,0x00000000b5fd4770,0x00000000b6f00000)
Event: 1.438 GC heap after
Heap after GC invocations=2 (full 0):
 PSYoungGen      total 34304K, used 2559K [0x00000000eaa80000, 0x00000000ece80000, 0x0000000100000000)
  eden space 31744K, 0% used [0x00000000eaa80000,0x00000000eaa80000,0x00000000ec980000)
  from space 2560K, 99% used [0x00000000ecc00000,0x00000000ece7fd48,0x00000000ece80000)
  to   space 2560K, 0% used [0x00000000ec980000,0x00000000ec980000,0x00000000ecc00000)
 ParOldGen       total 41984K, used 2029K [0x00000000c0000000, 0x00000000c2900000, 0x00000000eaa80000)
  object space 41984K, 4% used [0x00000000c0000000,0x00000000c01fb630,0x00000000c2900000)
 PSPermGen       total 21504K, used 5969K [0x00000000b5a00000, 0x00000000b6f00000, 0x00000000c0000000)
  object space 21504K, 27% used [0x00000000b5a00000,0x00000000b5fd4770,0x00000000b6f00000)
}
Event: 2.992 GC heap before
{Heap before GC invocations=3 (full 0):
 PSYoungGen      total 34304K, used 34303K [0x00000000eaa80000, 0x00000000ece80000, 0x0000000100000000)
  eden space 31744K, 100% used [0x00000000eaa80000,0x00000000ec980000,0x00000000ec980000)
  from space 2560K, 99% used [0x00000000ecc00000,0x00000000ece7fd48,0x00000000ece80000)
  to   space 2560K, 0% used [0x00000000ec980000,0x00000000ec980000,0x00000000ecc00000)
 ParOldGen       total 41984K, used 2029K [0x00000000c0000000, 0x00000000c2900000, 0x00000000eaa80000)
  object space 41984K, 4% used [0x00000000c0000000,0x00000000c01fb630,0x00000000c2900000)
 PSPermGen       total 21504K, used 6157K [0x00000000b5a00000, 0x00000000b6f00000, 0x00000000c0000000)
  object space 21504K, 28% used [0x00000000b5a00000,0x00000000b6003540,0x00000000b6f00000)
Event: 3.029 GC heap after
Heap after GC invocations=3 (full 0):
 PSYoungGen      total 34304K, used 2539K [0x00000000eaa80000, 0x00000000eed80000, 0x0000000100000000)
  eden space 31744K, 0% used [0x00000000eaa80000,0x00000000eaa80000,0x00000000ec980000)
  from space 2560K, 99% used [0x00000000ec980000,0x00000000ecbfaf70,0x00000000ecc00000)
  to   space 2560K, 0% used [0x00000000eeb00000,0x00000000eeb00000,0x00000000eed80000)
 ParOldGen       total 41984K, used 7089K [0x00000000c0000000, 0x00000000c2900000, 0x00000000eaa80000)
  object space 41984K, 16% used [0x00000000c0000000,0x00000000c06ec610,0x00000000c2900000)
 PSPermGen       total 21504K, used 6157K [0x00000000b5a00000, 0x00000000b6f00000, 0x00000000c0000000)
  object space 21504K, 28% used [0x00000000b5a00000,0x00000000b6003540,0x00000000b6f00000)
}
Event: 4.471 GC heap before
{Heap before GC invocations=4 (full 0):
 PSYoungGen      total 34304K, used 34283K [0x00000000eaa80000, 0x00000000eed80000, 0x0000000100000000)
  eden space 31744K, 100% used [0x00000000eaa80000,0x00000000ec980000,0x00000000ec980000)
  from space 2560K, 99% used [0x00000000ec980000,0x00000000ecbfaf70,0x00000000ecc00000)
  to   space 2560K, 0% used [0x00000000eeb00000,0x00000000eeb00000,0x00000000eed80000)
 ParOldGen       total 41984K, used 7089K [0x00000000c0000000, 0x00000000c2900000, 0x00000000eaa80000)
  object space 41984K, 16% used [0x00000000c0000000,0x00000000c06ec610,0x00000000c2900000)
 PSPermGen       total 21504K, used 6197K [0x00000000b5a00000, 0x00000000b6f00000, 0x00000000c0000000)
  object space 21504K, 28% used [0x00000000b5a00000,0x00000000b600d608,0x00000000b6f00000)
Event: 4.511 GC heap after
Heap after GC invocations=4 (full 0):
 PSYoungGen      total 66048K, used 2539K [0x00000000eaa80000, 0x00000000eed80000, 0x0000000100000000)
  eden space 63488K, 0% used [0x00000000eaa80000,0x00000000eaa80000,0x00000000ee880000)
  from space 2560K, 99% used [0x00000000eeb00000,0x00000000eed7af70,0x00000000eed80000)
  to   space 2560K, 0% used [0x00000000ee880000,0x00000000ee880000,0x00000000eeb00000)
 ParOldGen       total 41984K, used 12724K [0x00000000c0000000, 0x00000000c2900000, 0x00000000eaa80000)
  object space 41984K, 30% used [0x00000000c0000000,0x00000000c0c6d2b0,0x00000000c2900000)
 PSPermGen       total 21504K, used 6197K [0x00000000b5a00000, 0x00000000b6f00000, 0x00000000c0000000)
  object space 21504K, 28% used [0x00000000b5a00000,0x00000000b600d608,0x00000000b6f00000)
}
Event: 6.940 GC heap before
{Heap before GC invocations=5 (full 0):
 PSYoungGen      total 66048K, used 66027K [0x00000000eaa80000, 0x00000000eed80000, 0x0000000100000000)
  eden space 63488K, 100% used [0x00000000eaa80000,0x00000000ee880000,0x00000000ee880000)
  from space 2560K, 99% used [0x00000000eeb00000,0x00000000eed7af70,0x00000000eed80000)
  to   space 2560K, 0% used [0x00000000ee880000,0x00000000ee880000,0x00000000eeb00000)
 ParOldGen       total 41984K, used 12724K [0x00000000c0000000, 0x00000000c2900000, 0x00000000eaa80000)
  object space 41984K, 30% used [0x00000000c0000000,0x00000000c0c6d2b0,0x00000000c2900000)
 PSPermGen       total 21504K, used 6235K [0x00000000b5a00000, 0x00000000b6f00000, 0x00000000c0000000)
  object space 21504K, 28% used [0x00000000b5a00000,0x00000000b6016d58,0x00000000b6f00000)

Deoptimization events (8 events):
Event: 2.036 Thread 0x00007f046c00a800 Uncommon trap: reason=null_check action=make_not_entrant pc=0x00007f04690a6cf0 method=com.android.dx.rop.type.Type.putIntern(Lcom/android/dx/rop/type/Type;)Lcom/android/dx/rop/type/Type; @ 18
Event: 2.777 Thread 0x00007f046c199000 Uncommon trap: reason=unreached action=reinterpret pc=0x00007f0469080684 method=com.android.dx.rop.cst.Constant.compareTo(Lcom/android/dx/rop/cst/Constant;)I @ 12
Event: 3.351 Thread 0x00007f046c199000 Uncommon trap: reason=unreached action=reinterpret pc=0x00007f04690c64e8 method=com.android.dx.ssa.LocalVariableExtractor.processBlock(I)V @ 251
Event: 3.668 Thread 0x00007f046c197800 Uncommon trap: reason=null_check action=make_not_entrant pc=0x00007f04690d18b0 method=com.android.dx.ssa.SsaRenamer.getLocalForNewReg(I)Lcom/android/dx/rop/code/LocalItem; @ 19
Event: 3.840 Thread 0x00007f046c196000 Uncommon trap: reason=class_check action=maybe_recompile pc=0x00007f04690b3734 method=java.util.HashMap.put(Ljava/lang/Object;Ljava/lang/Object;)Ljava/lang/Object; @ 83
Event: 3.840 Thread 0x00007f046c196000 Uncommon trap: reason=class_check action=maybe_recompile pc=0x00007f04690b3734 method=java.util.HashMap.put(Ljava/lang/Object;Ljava/lang/Object;)Ljava/lang/Object; @ 83
Event: 3.840 Thread 0x00007f046c196000 Uncommon trap: reason=class_check action=maybe_recompile pc=0x00007f04690b3734 method=java.util.HashMap.put(Ljava/lang/Object;Ljava/lang/Object;)Ljava/lang/Object; @ 83
Event: 3.840 Thread 0x00007f046c196000 Uncommon trap: reason=class_check action=maybe_recompile pc=0x00007f04690b3734 method=java.util.HashMap.put(Ljava/lang/Object;Ljava/lang/Object;)Ljava/lang/Object; @ 83

Internal exceptions (10 events):
Event: 0.895 Thread 0x00007f046c00a800 Threw 0x00000000eb14c058 at /build/buildd/openjdk-7-7u71-2.5.3/build/openjdk/hotspot/src/share/vm/prims/jvm.cpp:1284
Event: 0.895 Thread 0x00007f046c00a800 Threw 0x00000000eb14eb50 at /build/buildd/openjdk-7-7u71-2.5.3/build/openjdk/hotspot/src/share/vm/prims/jvm.cpp:1284
Event: 1.053 Thread 0x00007f046c196000 Threw 0x00000000eb3a8e60 at /build/buildd/openjdk-7-7u71-2.5.3/build/openjdk/hotspot/src/share/vm/prims/jvm.cpp:1284
Event: 1.151 Thread 0x00007f046c00a800 Threw 0x00000000eb595ff0 at /build/buildd/openjdk-7-7u71-2.5.3/build/openjdk/hotspot/src/share/vm/prims/jvm.cpp:1284
Event: 1.560 Thread 0x00007f046c191000 Threw 0x00000000ead2cda0 at /build/buildd/openjdk-7-7u71-2.5.3/build/openjdk/hotspot/src/share/vm/prims/jvm.cpp:1284
Event: 2.036 Thread 0x00007f046c00a800 Implicit null exception at 0x00007f04690a65bb to 0x00007f04690a6ce1
Event: 2.971 Thread 0x00007f046c00a800 Threw 0x00000000ec7e5420 at /build/buildd/openjdk-7-7u71-2.5.3/build/openjdk/hotspot/src/share/vm/prims/jvm.cpp:1284
Event: 3.070 Thread 0x00007f046c00a800 Threw 0x00000000eaac6030 at /build/buildd/openjdk-7-7u71-2.5.3/build/openjdk/hotspot/src/share/vm/prims/jvm.cpp:1284
Event: 3.668 Thread 0x00007f046c197800 Implicit null exception at 0x00007f04690cffb4 to 0x00007f04690d187d
Event: 4.335 Thread 0x00007f046c196000 Threw 0x00000000ec4bd850 at /build/buildd/openjdk-7-7u71-2.5.3/build/openjdk/hotspot/src/share/vm/prims/jvm.cpp:1284

Events (10 events):
Event: 3.840 Thread 0x00007f046c196000 Uncommon trap: trap_request=0xffffffde fr.pc=0x00007f04690b3734
Event: 3.840 Thread 0x00007f046c196000 DEOPT PACKING pc=0x00007f04690b3734 sp=0x00007f045aa770c0
Event: 3.840 Thread 0x00007f046c196000 DEOPT UNPACKING pc=0x00007f0469039045 sp=0x00007f045aa77088 mode 2
Event: 4.215 Executing VM operation: EnableBiasedLocking
Event: 4.235 Executing VM operation: EnableBiasedLocking done
Event: 4.334 loading class 0x00007f0430021580
Event: 4.334 loading class 0x00007f0430021580 done
Event: 4.458 Executing VM operation: ParallelGCFailedAllocation
Event: 4.511 Executing VM operation: ParallelGCFailedAllocation done
Event: 6.926 Executing VM operation: ParallelGCFailedAllocation


Dynamic libraries:
00400000-00401000 r-xp 00000000 08:15 657370                             /usr/lib/jvm/java-7-openjdk-amd64/jre/bin/java
00600000-00601000 r--p 00000000 08:15 657370                             /usr/lib/jvm/java-7-openjdk-amd64/jre/bin/java
00601000-00602000 rw-p 00001000 08:15 657370                             /usr/lib/jvm/java-7-openjdk-amd64/jre/bin/java
02152000-02173000 rw-p 00000000 00:00 0                                  [heap]
b5a00000-b6f00000 rw-p 00000000 00:00 0 
b6f00000-c0000000 rw-p 00000000 00:00 0 
c0000000-c2900000 rw-p 00000000 00:00 0 
c2900000-eaa80000 rw-p 00000000 00:00 0 
eaa80000-eed80000 rw-p 00000000 00:00 0 
f4380000-100000000 rw-p 00000000 00:00 0 
7f041c000000-7f041c035000 rw-p 00000000 00:00 0 
7f041c035000-7f0420000000 ---p 00000000 00:00 0 
7f0420000000-7f0420021000 rw-p 00000000 00:00 0 
7f0420021000-7f0424000000 ---p 00000000 00:00 0 
7f0424000000-7f0424021000 rw-p 00000000 00:00 0 
7f0424021000-7f0428000000 ---p 00000000 00:00 0 
7f0428000000-7f0428029000 rw-p 00000000 00:00 0 
7f0428029000-7f042c000000 ---p 00000000 00:00 0 
7f042c000000-7f042c021000 rw-p 00000000 00:00 0 
7f042c021000-7f0430000000 ---p 00000000 00:00 0 
7f0430000000-7f0430043000 rw-p 00000000 00:00 0 
7f0430043000-7f0434000000 ---p 00000000 00:00 0 
7f0434000000-7f0434c98000 rw-p 00000000 00:00 0 
7f0434c98000-7f0438000000 ---p 00000000 00:00 0 
7f0438000000-7f0438021000 rw-p 00000000 00:00 0 
7f0438021000-7f043c000000 ---p 00000000 00:00 0 
7f043c000000-7f043c021000 rw-p 00000000 00:00 0 
7f043c021000-7f0440000000 ---p 00000000 00:00 0 
7f0440000000-7f0440e2a000 rw-p 00000000 00:00 0 
7f0440e2a000-7f0444000000 ---p 00000000 00:00 0 
7f0444000000-7f0444021000 rw-p 00000000 00:00 0 
7f0444021000-7f0448000000 ---p 00000000 00:00 0 
7f0448000000-7f0448021000 rw-p 00000000 00:00 0 
7f0448021000-7f044c000000 ---p 00000000 00:00 0 
7f044c000000-7f044c021000 rw-p 00000000 00:00 0 
7f044c021000-7f0450000000 ---p 00000000 00:00 0 
7f0450000000-7f0450241000 rw-p 00000000 00:00 0 
7f0450241000-7f0454000000 ---p 00000000 00:00 0 
7f0454000000-7f0454021000 rw-p 00000000 00:00 0 
7f0454021000-7f0458000000 ---p 00000000 00:00 0 
7f045a776000-7f045a779000 ---p 00000000 00:00 0 
7f045a779000-7f045a877000 rw-p 00000000 00:00 0                          [stack:4992]
7f045a877000-7f045a87a000 ---p 00000000 00:00 0 
7f045a87a000-7f045a978000 rw-p 00000000 00:00 0                          [stack:4991]
7f045a978000-7f045a97b000 ---p 00000000 00:00 0 
7f045a97b000-7f045aa79000 rw-p 00000000 00:00 0                          [stack:4990]
7f045aa79000-7f045aa7c000 ---p 00000000 00:00 0 
7f045aa7c000-7f045ab7a000 rw-p 00000000 00:00 0                          [stack:4987]
7f045ab7a000-7f045ab7d000 ---p 00000000 00:00 0 
7f045ab7d000-7f045acac000 rw-p 00000000 00:00 0                          [stack:4985]
7f045acac000-7f045ace9000 r-xp 00000000 08:15 927524                     /lib/x86_64-linux-gnu/libpcre.so.3.13.1
7f045ace9000-7f045aee8000 ---p 0003d000 08:15 927524                     /lib/x86_64-linux-gnu/libpcre.so.3.13.1
7f045aee8000-7f045aee9000 r--p 0003c000 08:15 927524                     /lib/x86_64-linux-gnu/libpcre.so.3.13.1
7f045aee9000-7f045aeea000 rw-p 0003d000 08:15 927524                     /lib/x86_64-linux-gnu/libpcre.so.3.13.1
7f045aeea000-7f045aef1000 r-xp 00000000 08:15 401888                     /usr/lib/x86_64-linux-gnu/libffi.so.6.0.1
7f045aef1000-7f045b0f0000 ---p 00007000 08:15 401888                     /usr/lib/x86_64-linux-gnu/libffi.so.6.0.1
7f045b0f0000-7f045b0f1000 r--p 00006000 08:15 401888                     /usr/lib/x86_64-linux-gnu/libffi.so.6.0.1
7f045b0f1000-7f045b0f2000 rw-p 00007000 08:15 401888                     /usr/lib/x86_64-linux-gnu/libffi.so.6.0.1
7f045b0f2000-7f045b109000 r-xp 00000000 08:15 919265                     /lib/x86_64-linux-gnu/libresolv-2.19.so
7f045b109000-7f045b309000 ---p 00017000 08:15 919265                     /lib/x86_64-linux-gnu/libresolv-2.19.so
7f045b309000-7f045b30a000 r--p 00017000 08:15 919265                     /lib/x86_64-linux-gnu/libresolv-2.19.so
7f045b30a000-7f045b30b000 rw-p 00018000 08:15 919265                     /lib/x86_64-linux-gnu/libresolv-2.19.so
7f045b30b000-7f045b30d000 rw-p 00000000 00:00 0 
7f045b30d000-7f045b32d000 r-xp 00000000 08:15 927551                     /lib/x86_64-linux-gnu/libselinux.so.1
7f045b32d000-7f045b52c000 ---p 00020000 08:15 927551                     /lib/x86_64-linux-gnu/libselinux.so.1
7f045b52c000-7f045b52d000 r--p 0001f000 08:15 927551                     /lib/x86_64-linux-gnu/libselinux.so.1
7f045b52d000-7f045b52e000 rw-p 00020000 08:15 927551                     /lib/x86_64-linux-gnu/libselinux.so.1
7f045b52e000-7f045b530000 rw-p 00000000 00:00 0 
7f045b530000-7f045b533000 r-xp 00000000 08:15 402022                     /usr/lib/x86_64-linux-gnu/libgmodule-2.0.so.0.4002.0
7f045b533000-7f045b732000 ---p 00003000 08:15 402022                     /usr/lib/x86_64-linux-gnu/libgmodule-2.0.so.0.4002.0
7f045b732000-7f045b733000 r--p 00002000 08:15 402022                     /usr/lib/x86_64-linux-gnu/libgmodule-2.0.so.0.4002.0
7f045b733000-7f045b734000 rw-p 00003000 08:15 402022                     /usr/lib/x86_64-linux-gnu/libgmodule-2.0.so.0.4002.0
7f045b734000-7f045b83a000 r-xp 00000000 08:15 927451                     /lib/x86_64-linux-gnu/libglib-2.0.so.0.4002.0
7f045b83a000-7f045ba39000 ---p 00106000 08:15 927451                     /lib/x86_64-linux-gnu/libglib-2.0.so.0.4002.0
7f045ba39000-7f045ba3a000 r--p 00105000 08:15 927451                     /lib/x86_64-linux-gnu/libglib-2.0.so.0.4002.0
7f045ba3a000-7f045ba3b000 rw-p 00106000 08:15 927451                     /lib/x86_64-linux-gnu/libglib-2.0.so.0.4002.0
7f045ba3b000-7f045ba3c000 rw-p 00000000 00:00 0 
7f045ba3c000-7f045ba8b000 r-xp 00000000 08:15 402046                     /usr/lib/x86_64-linux-gnu/libgobject-2.0.so.0.4002.0
7f045ba8b000-7f045bc8b000 ---p 0004f000 08:15 402046                     /usr/lib/x86_64-linux-gnu/libgobject-2.0.so.0.4002.0
7f045bc8b000-7f045bc8c000 r--p 0004f000 08:15 402046                     /usr/lib/x86_64-linux-gnu/libgobject-2.0.so.0.4002.0
7f045bc8c000-7f045bc8d000 rw-p 00050000 08:15 402046                     /usr/lib/x86_64-linux-gnu/libgobject-2.0.so.0.4002.0
7f045bc8d000-7f045bdf9000 r-xp 00000000 08:15 402006                     /usr/lib/x86_64-linux-gnu/libgio-2.0.so.0.4002.0
7f045bdf9000-7f045bff8000 ---p 0016c000 08:15 402006                     /usr/lib/x86_64-linux-gnu/libgio-2.0.so.0.4002.0
7f045bff8000-7f045bffc000 r--p 0016b000 08:15 402006                     /usr/lib/x86_64-linux-gnu/libgio-2.0.so.0.4002.0
7f045bffc000-7f045bffe000 rw-p 0016f000 08:15 402006                     /usr/lib/x86_64-linux-gnu/libgio-2.0.so.0.4002.0
7f045bffe000-7f045c000000 rw-p 00000000 00:00 0 
7f045c000000-7f045c021000 rw-p 00000000 00:00 0 
7f045c021000-7f0460000000 ---p 00000000 00:00 0 
7f0460025000-7f046003c000 r-xp 00000000 08:15 657448                     /usr/lib/jvm/java-7-openjdk-amd64/jre/lib/amd64/libnet.so
7f046003c000-7f046023b000 ---p 00017000 08:15 657448                     /usr/lib/jvm/java-7-openjdk-amd64/jre/lib/amd64/libnet.so
7f046023b000-7f046023c000 r--p 00016000 08:15 657448                     /usr/lib/jvm/java-7-openjdk-amd64/jre/lib/amd64/libnet.so
7f046023c000-7f046023d000 rw-p 00017000 08:15 657448                     /usr/lib/jvm/java-7-openjdk-amd64/jre/lib/amd64/libnet.so
7f046023d000-7f046024d000 r-xp 00000000 08:15 657449                     /usr/lib/jvm/java-7-openjdk-amd64/jre/lib/amd64/libnio.so
7f046024d000-7f046044d000 ---p 00010000 08:15 657449                     /usr/lib/jvm/java-7-openjdk-amd64/jre/lib/amd64/libnio.so
7f046044d000-7f046044e000 r--p 00010000 08:15 657449                     /usr/lib/jvm/java-7-openjdk-amd64/jre/lib/amd64/libnio.so
7f046044e000-7f046044f000 rw-p 00011000 08:15 657449                     /usr/lib/jvm/java-7-openjdk-amd64/jre/lib/amd64/libnio.so
7f046044f000-7f0460450000 ---p 00000000 00:00 0 
7f0460450000-7f0460550000 rw-p 00000000 00:00 0                          [stack:4971]
7f0460550000-7f0460553000 ---p 00000000 00:00 0 
7f0460553000-7f0460651000 rw-p 00000000 00:00 0                          [stack:4968]
7f0460651000-7f0460654000 ---p 00000000 00:00 0 
7f0460654000-7f0460752000 rw-p 00000000 00:00 0                          [stack:4966]
7f0460752000-7f0460755000 ---p 00000000 00:00 0 
7f0460755000-7f0460853000 rw-p 00000000 00:00 0                          [stack:4964]
7f0460853000-7f0460856000 ---p 00000000 00:00 0 
7f0460856000-7f0460954000 rw-p 00000000 00:00 0                          [stack:4961]
7f0460954000-7f0460c1d000 r--p 00000000 08:15 399703                     /usr/lib/locale/locale-archive
7f0460c1d000-7f0460c20000 ---p 00000000 00:00 0 
7f0460c20000-7f0460d1e000 rw-p 00000000 00:00 0                          [stack:4951]
7f0460d1e000-7f0460d21000 ---p 00000000 00:00 0 
7f0460d21000-7f0460e1f000 rw-p 00000000 00:00 0                          [stack:4948]
7f0460e1f000-7f0460e20000 ---p 00000000 00:00 0 
7f0460e20000-7f0464000000 rw-p 00000000 00:00 0                          [stack:4945]
7f0464000000-7f0464021000 rw-p 00000000 00:00 0 
7f0464021000-7f0468000000 ---p 00000000 00:00 0 
7f046800b000-7f0468458000 rw-p 00000000 00:00 0 
7f0468458000-7f0468609000 r--s 01d25000 08:15 657411                     /usr/lib/jvm/java-7-openjdk-amd64/jre/lib/rt.jar
7f0468609000-7f0468955000 rw-p 00000000 00:00 0 
7f0468955000-7f0468956000 ---p 00000000 00:00 0 
7f0468956000-7f0468a56000 rw-p 00000000 00:00 0                          [stack:4938]
7f0468a56000-7f0468a57000 ---p 00000000 00:00 0 
7f0468a57000-7f0468b57000 rw-p 00000000 00:00 0                          [stack:4937]
7f0468b57000-7f0468b58000 ---p 00000000 00:00 0 
7f0468b58000-7f0468c58000 rw-p 00000000 00:00 0                          [stack:4936]
7f0468c58000-7f0468c59000 ---p 00000000 00:00 0 
7f0468c59000-7f0468d64000 rw-p 00000000 00:00 0                          [stack:4935]
7f0468d64000-7f0468dac000 rw-p 00000000 00:00 0 
7f0468dac000-7f0468db7000 rw-p 00000000 00:00 0 
7f0468db7000-7f0468dff000 rw-p 00000000 00:00 0 
7f0468dff000-7f0468e14000 rw-p 00000000 00:00 0 
7f0468e14000-7f0468f54000 rw-p 00000000 00:00 0 
7f0468f54000-7f0468f76000 rw-p 00000000 00:00 0 
7f0468f76000-7f0468fff000 rw-p 00000000 00:00 0 
7f0468fff000-7f0469000000 rw-p 00000000 00:00 0 
7f0469000000-7f0469270000 rwxp 00000000 00:00 0 
7f0469270000-7f046c1ba000 rw-p 00000000 00:00 0 
7f046c1ba000-7f0470000000 ---p 00000000 00:00 0 
7f0470002000-7f0470017000 r--s 000e5000 08:15 1326142                    /home/piduck/dev/workspace/FridgeLogic/app/build/intermediates/exploded-aar/com.android.support/support-v4/23.1.1/jars/classes.jar
7f0470017000-7f0470044000 rw-p 00000000 00:00 0 
7f0470044000-7f0470185000 rw-p 00000000 00:00 0 
7f0470185000-7f047018d000 r-xp 00000000 08:15 657456                     /usr/lib/jvm/java-7-openjdk-amd64/jre/lib/amd64/libzip.so
7f047018d000-7f047038c000 ---p 00008000 08:15 657456                     /usr/lib/jvm/java-7-openjdk-amd64/jre/lib/amd64/libzip.so
7f047038c000-7f047038d000 r--p 00007000 08:15 657456                     /usr/lib/jvm/java-7-openjdk-amd64/jre/lib/amd64/libzip.so
7f047038d000-7f047038e000 rw-p 00008000 08:15 657456                     /usr/lib/jvm/java-7-openjdk-amd64/jre/lib/amd64/libzip.so
7f047038e000-7f0470399000 r-xp 00000000 08:15 926717                     /lib/x86_64-linux-gnu/libnss_files-2.19.so
7f0470399000-7f0470598000 ---p 0000b000 08:15 926717                     /lib/x86_64-linux-gnu/libnss_files-2.19.so
7f0470598000-7f0470599000 r--p 0000a000 08:15 926717                     /lib/x86_64-linux-gnu/libnss_files-2.19.so
7f0470599000-7f047059a000 rw-p 0000b000 08:15 926717                     /lib/x86_64-linux-gnu/libnss_files-2.19.so
7f047059a000-7f04705a5000 r-xp 00000000 08:15 926702                     /lib/x86_64-linux-gnu/libnss_nis-2.19.so
7f04705a5000-7f04707a4000 ---p 0000b000 08:15 926702                     /lib/x86_64-linux-gnu/libnss_nis-2.19.so
7f04707a4000-7f04707a5000 r--p 0000a000 08:15 926702                     /lib/x86_64-linux-gnu/libnss_nis-2.19.so
7f04707a5000-7f04707a6000 rw-p 0000b000 08:15 926702                     /lib/x86_64-linux-gnu/libnss_nis-2.19.so
7f04707a6000-7f04707bd000 r-xp 00000000 08:15 920815                     /lib/x86_64-linux-gnu/libnsl-2.19.so
7f04707bd000-7f04709bc000 ---p 00017000 08:15 920815                     /lib/x86_64-linux-gnu/libnsl-2.19.so
7f04709bc000-7f04709bd000 r--p 00016000 08:15 920815                     /lib/x86_64-linux-gnu/libnsl-2.19.so
7f04709bd000-7f04709be000 rw-p 00017000 08:15 920815                     /lib/x86_64-linux-gnu/libnsl-2.19.so
7f04709be000-7f04709c0000 rw-p 00000000 00:00 0 
7f04709c0000-7f04709c9000 r-xp 00000000 08:15 920699                     /lib/x86_64-linux-gnu/libnss_compat-2.19.so
7f04709c9000-7f0470bc8000 ---p 00009000 08:15 920699                     /lib/x86_64-linux-gnu/libnss_compat-2.19.so
7f0470bc8000-7f0470bc9000 r--p 00008000 08:15 920699                     /lib/x86_64-linux-gnu/libnss_compat-2.19.so
7f0470bc9000-7f0470bca000 rw-p 00009000 08:15 920699                     /lib/x86_64-linux-gnu/libnss_compat-2.19.so
7f0470bca000-7f0470bf5000 r-xp 00000000 08:15 657435                     /usr/lib/jvm/java-7-openjdk-amd64/jre/lib/amd64/libjava.so
7f0470bf5000-7f0470df4000 ---p 0002b000 08:15 657435                     /usr/lib/jvm/java-7-openjdk-amd64/jre/lib/amd64/libjava.so
7f0470df4000-7f0470df5000 r--p 0002a000 08:15 657435                     /usr/lib/jvm/java-7-openjdk-amd64/jre/lib/amd64/libjava.so
7f0470df5000-7f0470df7000 rw-p 0002b000 08:15 657435                     /usr/lib/jvm/java-7-openjdk-amd64/jre/lib/amd64/libjava.so
7f0470df7000-7f0470e07000 r-xp 00000000 08:15 657455                     /usr/lib/jvm/java-7-openjdk-amd64/jre/lib/amd64/libverify.so
7f0470e07000-7f0471006000 ---p 00010000 08:15 657455                     /usr/lib/jvm/java-7-openjdk-amd64/jre/lib/amd64/libverify.so
7f0471006000-7f0471008000 r--p 0000f000 08:15 657455                     /usr/lib/jvm/java-7-openjdk-amd64/jre/lib/amd64/libverify.so
7f0471008000-7f0471009000 rw-p 00011000 08:15 657455                     /usr/lib/jvm/java-7-openjdk-amd64/jre/lib/amd64/libverify.so
7f0471009000-7f0471010000 r-xp 00000000 08:15 926710                     /lib/x86_64-linux-gnu/librt-2.19.so
7f0471010000-7f047120f000 ---p 00007000 08:15 926710                     /lib/x86_64-linux-gnu/librt-2.19.so
7f047120f000-7f0471210000 r--p 00006000 08:15 926710                     /lib/x86_64-linux-gnu/librt-2.19.so
7f0471210000-7f0471211000 rw-p 00007000 08:15 926710                     /lib/x86_64-linux-gnu/librt-2.19.so
7f0471211000-7f0471227000 r-xp 00000000 08:15 927447                     /lib/x86_64-linux-gnu/libgcc_s.so.1
7f0471227000-7f0471426000 ---p 00016000 08:15 927447                     /lib/x86_64-linux-gnu/libgcc_s.so.1
7f0471426000-7f0471427000 rw-p 00015000 08:15 927447                     /lib/x86_64-linux-gnu/libgcc_s.so.1
7f0471427000-7f047152c000 r-xp 00000000 08:15 919302                     /lib/x86_64-linux-gnu/libm-2.19.so
7f047152c000-7f047172b000 ---p 00105000 08:15 919302                     /lib/x86_64-linux-gnu/libm-2.19.so
7f047172b000-7f047172c000 r--p 00104000 08:15 919302                     /lib/x86_64-linux-gnu/libm-2.19.so
7f047172c000-7f047172d000 rw-p 00105000 08:15 919302                     /lib/x86_64-linux-gnu/libm-2.19.so
7f047172d000-7f0471813000 r-xp 00000000 08:15 393606                     /usr/lib/x86_64-linux-gnu/libstdc++.so.6.0.19
7f0471813000-7f0471a12000 ---p 000e6000 08:15 393606                     /usr/lib/x86_64-linux-gnu/libstdc++.so.6.0.19
7f0471a12000-7f0471a1a000 r--p 000e5000 08:15 393606                     /usr/lib/x86_64-linux-gnu/libstdc++.so.6.0.19
7f0471a1a000-7f0471a1c000 rw-p 000ed000 08:15 393606                     /usr/lib/x86_64-linux-gnu/libstdc++.so.6.0.19
7f0471a1c000-7f0471a31000 rw-p 00000000 00:00 0 
7f0471a31000-7f0472547000 r-xp 00000000 08:15 657463                     /usr/lib/jvm/java-7-openjdk-amd64/jre/lib/amd64/server/libjvm.so
7f0472547000-7f0472746000 ---p 00b16000 08:15 657463                     /usr/lib/jvm/java-7-openjdk-amd64/jre/lib/amd64/server/libjvm.so
7f0472746000-7f04727e0000 r--p 00b15000 08:15 657463                     /usr/lib/jvm/java-7-openjdk-amd64/jre/lib/amd64/server/libjvm.so
7f04727e0000-7f0472803000 rw-p 00baf000 08:15 657463                     /usr/lib/jvm/java-7-openjdk-amd64/jre/lib/amd64/server/libjvm.so
7f0472803000-7f0472831000 rw-p 00000000 00:00 0 
7f0472831000-7f0472849000 r-xp 00000000 08:15 927584                     /lib/x86_64-linux-gnu/libz.so.1.2.8
7f0472849000-7f0472a48000 ---p 00018000 08:15 927584                     /lib/x86_64-linux-gnu/libz.so.1.2.8
7f0472a48000-7f0472a49000 r--p 00017000 08:15 927584                     /lib/x86_64-linux-gnu/libz.so.1.2.8
7f0472a49000-7f0472a4a000 rw-p 00018000 08:15 927584                     /lib/x86_64-linux-gnu/libz.so.1.2.8
7f0472a4a000-7f0472a63000 r-xp 00000000 08:15 926696                     /lib/x86_64-linux-gnu/libpthread-2.19.so
7f0472a63000-7f0472c62000 ---p 00019000 08:15 926696                     /lib/x86_64-linux-gnu/libpthread-2.19.so
7f0472c62000-7f0472c63000 r--p 00018000 08:15 926696                     /lib/x86_64-linux-gnu/libpthread-2.19.so
7f0472c63000-7f0472c64000 rw-p 00019000 08:15 926696                     /lib/x86_64-linux-gnu/libpthread-2.19.so
7f0472c64000-7f0472c68000 rw-p 00000000 00:00 0 
7f0472c68000-7f0472c6b000 r-xp 00000000 08:15 919335                     /lib/x86_64-linux-gnu/libdl-2.19.so
7f0472c6b000-7f0472e6a000 ---p 00003000 08:15 919335                     /lib/x86_64-linux-gnu/libdl-2.19.so
7f0472e6a000-7f0472e6b000 r--p 00002000 08:15 919335                     /lib/x86_64-linux-gnu/libdl-2.19.so
7f0472e6b000-7f0472e6c000 rw-p 00003000 08:15 919335                     /lib/x86_64-linux-gnu/libdl-2.19.so
7f0472e6c000-7f0473027000 r-xp 00000000 08:15 926712                     /lib/x86_64-linux-gnu/libc-2.19.so
7f0473027000-7f0473226000 ---p 001bb000 08:15 926712                     /lib/x86_64-linux-gnu/libc-2.19.so
7f0473226000-7f047322a000 r--p 001ba000 08:15 926712                     /lib/x86_64-linux-gnu/libc-2.19.so
7f047322a000-7f047322c000 rw-p 001be000 08:15 926712                     /lib/x86_64-linux-gnu/libc-2.19.so
7f047322c000-7f0473231000 rw-p 00000000 00:00 0 
7f0473231000-7f047323e000 r-xp 00000000 08:15 657459                     /usr/lib/jvm/java-7-openjdk-amd64/jre/lib/amd64/jli/libjli.so
7f047323e000-7f047343d000 ---p 0000d000 08:15 657459                     /usr/lib/jvm/java-7-openjdk-amd64/jre/lib/amd64/jli/libjli.so
7f047343d000-7f047343e000 r--p 0000c000 08:15 657459                     /usr/lib/jvm/java-7-openjdk-amd64/jre/lib/amd64/jli/libjli.so
7f047343e000-7f047343f000 rw-p 0000d000 08:15 657459                     /usr/lib/jvm/java-7-openjdk-amd64/jre/lib/amd64/jli/libjli.so
7f047343f000-7f0473462000 r-xp 00000000 08:15 926698                     /lib/x86_64-linux-gnu/ld-2.19.so
7f047346a000-7f0473479000 r--s 000df000 08:15 1347408                    /home/piduck/Android/Sdk/build-tools/23.0.2/lib/dx.jar
7f0473479000-7f0473483000 rw-p 00000000 00:00 0 
7f0473483000-7f0473539000 rw-p 00000000 00:00 0 
7f0473539000-7f047353c000 ---p 00000000 00:00 0 
7f047353c000-7f0473640000 rw-p 00000000 00:00 0                          [stack:4918]
7f0473640000-7f0473641000 r--p 00000000 08:15 561192                     /usr/share/locale-langpack/en_GB/LC_MESSAGES/libc.mo
7f0473641000-7f0473643000 r--s 00006000 08:15 529457                     /usr/share/java/java-atk-wrapper.jar
7f0473643000-7f0473645000 r--s 00012000 08:15 657477                     /usr/lib/jvm/java-7-openjdk-amd64/jre/lib/ext/zipfs.jar
7f0473645000-7f0473648000 r--s 0000f000 08:15 657471                     /usr/lib/jvm/java-7-openjdk-amd64/jre/lib/ext/icedtea-sound.jar
7f0473648000-7f0473649000 r--s 00002000 08:15 657470                     /usr/lib/jvm/java-7-openjdk-amd64/jre/lib/ext/dnsns.jar
7f0473649000-7f047364d000 r--s 00034000 08:15 657475                     /usr/lib/jvm/java-7-openjdk-amd64/jre/lib/ext/sunjce_provider.jar
7f047364d000-7f0473651000 r--s 00085000 08:15 657474                     /usr/lib/jvm/java-7-openjdk-amd64/jre/lib/ext/localedata.jar
7f0473651000-7f0473655000 r--s 0003c000 08:15 657476                     /usr/lib/jvm/java-7-openjdk-amd64/jre/lib/ext/sunpkcs11.jar
7f0473655000-7f047365d000 rw-s 00000000 08:15 655470                     /tmp/hsperfdata_piduck/4913
7f047365d000-7f047365e000 rw-p 00000000 00:00 0 
7f047365e000-7f047365f000 ---p 00000000 00:00 0 
7f047365f000-7f0473661000 rw-p 00000000 00:00 0 
7f0473661000-7f0473662000 r--p 00022000 08:15 926698                     /lib/x86_64-linux-gnu/ld-2.19.so
7f0473662000-7f0473663000 rw-p 00023000 08:15 926698                     /lib/x86_64-linux-gnu/ld-2.19.so
7f0473663000-7f0473664000 rw-p 00000000 00:00 0 
7ffd1bf68000-7ffd1bf89000 rw-p 00000000 00:00 0                          [stack]
7ffd1bfde000-7ffd1bfe0000 r--p 00000000 00:00 0                          [vvar]
7ffd1bfe0000-7ffd1bfe2000 r-xp 00000000 00:00 0                          [vdso]
ffffffffff600000-ffffffffff601000 r-xp 00000000 00:00 0                  [vsyscall]

VM Arguments:
jvm_args: -Djava.awt.headless=true -Xmx1024M -Dfile.encoding=UTF-8 -Duser.country=GB -Duser.language=en -Duser.variant 
java_command: com.android.dx.command.Main --dex --num-threads=4 --output /home/piduck/dev/workspace/FridgeLogic/app/build/intermediates/pre-dexed/debug/com.android.support-support-v4-23.1.1_57f8dd64e60309261631210a798c1132dee84842.jar /home/piduck/dev/workspace/FridgeLogic/app/build/intermediates/exploded-aar/com.android.support/support-v4/23.1.1/jars/classes.jar
Launcher Type: SUN_STANDARD

Environment Variables:
PATH=/usr/local/sbin:/usr/local/bin:/usr/sbin:/usr/bin:/sbin:/bin:/usr/games:/usr/local/games
USERNAME=piduck
LD_LIBRARY_PATH=/home/piduck/dev/android-studio/bin:
SHELL=/bin/bash
DISPLAY=:0.0

Signal Handlers:
SIGSEGV: [libjvm.so+0x9495e0], sa_mask[0]=0x7ffbfeff, sa_flags=0x10000004
SIGBUS: [libjvm.so+0x9495e0], sa_mask[0]=0x7ffbfeff, sa_flags=0x10000004
SIGFPE: [libjvm.so+0x7c3410], sa_mask[0]=0x7ffbfeff, sa_flags=0x10000004
SIGPIPE: [libjvm.so+0x7c3410], sa_mask[0]=0x7ffbfeff, sa_flags=0x10000004
SIGXFSZ: [libjvm.so+0x7c3410], sa_mask[0]=0x7ffbfeff, sa_flags=0x10000004
SIGILL: [libjvm.so+0x7c3410], sa_mask[0]=0x7ffbfeff, sa_flags=0x10000004
SIGUSR1: SIG_DFL, sa_mask[0]=0x00000000, sa_flags=0x00000000
SIGUSR2: [libjvm.so+0x7c32b0], sa_mask[0]=0x00000004, sa_flags=0x10000004
SIGHUP: [libjvm.so+0x7c3490], sa_mask[0]=0x7ffbfeff, sa_flags=0x10000004
SIGINT: [libjvm.so+0x7c3490], sa_mask[0]=0x7ffbfeff, sa_flags=0x10000004
SIGTERM: [libjvm.so+0x7c3490], sa_mask[0]=0x7ffbfeff, sa_flags=0x10000004
SIGQUIT: [libjvm.so+0x7c3490], sa_mask[0]=0x7ffbfeff, sa_flags=0x10000004
SIGTRAP: SIG_DFL, sa_mask[0]=0x00000000, sa_flags=0x00000000


---------------  S Y S T E M  ---------------

OS:LinuxMint 17.3 (rosa)
uname:Linux 3.19.0-32-generic #37~14.04.1-Ubuntu SMP Thu Oct 22 09:41:40 UTC 2015 x86_64
libc:glibc 2.19 NPTL 2.19 
rlimit: STACK 8192k, CORE 0k, NPROC 15649, NOFILE 4096, AS infinity
load average:30.85 11.86 5.02

/proc/meminfo:
MemTotal:        4037012 kB
MemFree:          102944 kB
MemAvailable:      44052 kB
Buffers:             224 kB
Cached:            58696 kB
SwapCached:            0 kB
Active:          3691288 kB
Inactive:          54560 kB
Active(anon):    3689132 kB
Inactive(anon):    52000 kB
Active(file):       2156 kB
Inactive(file):     2560 kB
Unevictable:           0 kB
Mlocked:               0 kB
SwapTotal:             0 kB
SwapFree:              0 kB
Dirty:                24 kB
Writeback:            16 kB
AnonPages:       3687580 kB
Mapped:            54052 kB
Shmem:             53552 kB
Slab:              89128 kB
SReclaimable:      46428 kB
SUnreclaim:        42700 kB
KernelStack:        9568 kB
PageTables:        28836 kB
NFS_Unstable:          0 kB
Bounce:                0 kB
WritebackTmp:          0 kB
CommitLimit:     2018504 kB
Committed_AS:    7218668 kB
VmallocTotal:   34359738367 kB
VmallocUsed:      292064 kB
VmallocChunk:   34359348396 kB
HardwareCorrupted:     0 kB
AnonHugePages:   1611776 kB
CmaTotal:              0 kB
CmaFree:               0 kB
HugePages_Total:       0
HugePages_Free:        0
HugePages_Rsvd:        0
HugePages_Surp:        0
Hugepagesize:       2048 kB
DirectMap4k:      126400 kB
DirectMap2M:     4059136 kB


CPU:total 4 (4 cores per cpu, 1 threads per core) family 6 model 30 stepping 5, cmov, cx8, fxsr, mmx, sse, sse2, sse3, ssse3, sse4.1, sse4.2, popcnt, tsc, tscinvbit

/proc/cpuinfo:
processor	: 0
vendor_id	: GenuineIntel
cpu family	: 6
model		: 30
model name	: Intel(R) Core(TM) i5 CPU         750  @ 2.67GHz
stepping	: 5
microcode	: 0x3
cpu MHz		: 2533.000
cache size	: 8192 KB
physical id	: 0
siblings	: 4
core id		: 0
cpu cores	: 4
apicid		: 0
initial apicid	: 0
fpu		: yes
fpu_exception	: yes
cpuid level	: 11
wp		: yes
flags		: fpu vme de pse tsc msr pae mce cx8 apic sep mtrr pge mca cmov pat pse36 clflush dts acpi mmx fxsr sse sse2 ss ht tm pbe syscall nx rdtscp lm constant_tsc arch_perfmon pebs bts rep_good nopl xtopology nonstop_tsc aperfmperf pni dtes64 monitor ds_cpl vmx smx est tm2 ssse3 cx16 xtpr pdcm sse4_1 sse4_2 popcnt lahf_lm ida dtherm tpr_shadow vnmi flexpriority ept vpid
bugs		:
bogomips	: 5082.53
clflush size	: 64
cache_alignment	: 64
address sizes	: 36 bits physical, 48 bits virtual
power management:

processor	: 1
vendor_id	: GenuineIntel
cpu family	: 6
model		: 30
model name	: Intel(R) Core(TM) i5 CPU         750  @ 2.67GHz
stepping	: 5
microcode	: 0x3
cpu MHz		: 2533.000
cache size	: 8192 KB
physical id	: 0
siblings	: 4
core id		: 1
cpu cores	: 4
apicid		: 2
initial apicid	: 2
fpu		: yes
fpu_exception	: yes
cpuid level	: 11
wp		: yes
flags		: fpu vme de pse tsc msr pae mce cx8 apic sep mtrr pge mca cmov pat pse36 clflush dts acpi mmx fxsr sse sse2 ss ht tm pbe syscall nx rdtscp lm constant_tsc arch_perfmon pebs bts rep_good nopl xtopology nonstop_tsc aperfmperf pni dtes64 monitor ds_cpl vmx smx est tm2 ssse3 cx16 xtpr pdcm sse4_1 sse4_2 popcnt lahf_lm ida dtherm tpr_shadow vnmi flexpriority ept vpid
bugs		:
bogomips	: 5082.53
clflush size	: 64
cache_alignment	: 64
address sizes	: 36 bits physical, 48 bits virtual
power management:

processor	: 2
vendor_id	: GenuineIntel
cpu family	: 6
model		: 30
model name	: Intel(R) Core(TM) i5 CPU         750  @ 2.67GHz
stepping	: 5
microcode	: 0x3
cpu MHz		: 2533.000
cache size	: 8192 KB
physical id	: 0
siblings	: 4
core id		: 2
cpu cores	: 4
apicid		: 4
initial apicid	: 4
fpu		: yes
fpu_exception	: yes
cpuid level	: 11
wp		: yes
flags		: fpu vme de pse tsc msr pae mce cx8 apic sep mtrr pge mca cmov pat pse36 clflush dts acpi mmx fxsr sse sse2 ss ht tm pbe syscall nx rdtscp lm constant_tsc arch_perfmon pebs bts rep_good nopl xtopology nonstop_tsc aperfmperf pni dtes64 monitor ds_cpl vmx smx est tm2 ssse3 cx16 xtpr pdcm sse4_1 sse4_2 popcnt lahf_lm ida dtherm tpr_shadow vnmi flexpriority ept vpid
bugs		:
bogomips	: 5082.53
clflush size	: 64
cache_alignment	: 64
address sizes	: 36 bits physical, 48 bits virtual
power management:

processor	: 3
vendor_id	: GenuineIntel
cpu family	: 6
model		: 30
model name	: Intel(R) Core(TM) i5 CPU         750  @ 2.67GHz
stepping	: 5
microcode	: 0x3
cpu MHz		: 2533.000
cache size	: 8192 KB
physical id	: 0
siblings	: 4
core id		: 3
cpu cores	: 4
apicid		: 6
initial apicid	: 6
fpu		: yes
fpu_exception	: yes
cpuid level	: 11
wp		: yes
flags		: fpu vme de pse tsc msr pae mce cx8 apic sep mtrr pge mca cmov pat pse36 clflush dts acpi mmx fxsr sse sse2 ss ht tm pbe syscall nx rdtscp lm constant_tsc arch_perfmon pebs bts rep_good nopl xtopology nonstop_tsc aperfmperf pni dtes64 monitor ds_cpl vmx smx est tm2 ssse3 cx16 xtpr pdcm sse4_1 sse4_2 popcnt lahf_lm ida dtherm tpr_shadow vnmi flexpriority ept vpid
bugs		:
bogomips	: 5082.53
clflush size	: 64
cache_alignment	: 64
address sizes	: 36 bits physical, 48 bits virtual
power management:



Memory: 4k page, physical 4037012k(101268k free), swap 0k(0k free)

vm_info: OpenJDK 64-Bit Server VM (24.65-b04) for linux-amd64 JRE (1.7.0_65-b32), built on Oct 22 2014 04:37:44 by "buildd" with gcc 4.8.2

time: Tue Feb 23 10:41:08 2016
elapsed time: 105 seconds

